{"time":"2025-11-12T20:01:59.0433782+03:00","id":"","remote_ip":"::1","host":"localhost:8080","method":"GET","uri":"/ping","user_agent":"PostmanRuntime/7.49.1","status":404,"error":"code=404, message=Not Found","latency":551700,"latency_human":"551.7µs","bytes_in":67,"bytes_out":24}
{"time":"2025-11-12T20:02:14.6453559+03:00","id":"","remote_ip":"::1","host":"localhost:8080","method":"GET","uri":"/api/ping","user_agent":"PostmanRuntime/7.49.1","status":200,"error":"","latency":0,"latency_human":"0s","bytes_in":67,"bytes_out":2}
{"time":"2025-11-12T20:02:26.074702+03:00","id":"","remote_ip":"::1","host":"localhost:8080","method":"GET","uri":"/api/teams/add","user_agent":"PostmanRuntime/7.49.1","status":404,"error":"code=404, message=Not Found","latency":0,"latency_human":"0s","bytes_in":67,"bytes_out":24}
{"time":"2025-11-12T20:02:38.0557482+03:00","id":"","remote_ip":"::1","host":"localhost:8080","method":"GET","uri":"/api/teams/add","user_agent":"PostmanRuntime/7.49.1","status":404,"error":"code=404, message=Not Found","latency":0,"latency_human":"0s","bytes_in":0,"bytes_out":24}
{"time":"2025-11-12T20:03:34.7771649+03:00","id":"","remote_ip":"::1","host":"localhost:8080","method":"GET","uri":"/api/teams/add","user_agent":"PostmanRuntime/7.49.1","status":404,"error":"code=404, message=Not Found","latency":0,"latency_human":"0s","bytes_in":0,"bytes_out":24}
{"time":"2025-11-12T20:03:42.7970001+03:00","id":"","remote_ip":"::1","host":"localhost:8080","method":"GET","uri":"/api/teams/add","user_agent":"PostmanRuntime/7.49.1","status":404,"error":"code=404, message=Not Found","latency":13530200,"latency_human":"13.5302ms","bytes_in":0,"bytes_out":24}
{"time":"2025-11-12T20:03:45.8810716+03:00","id":"","remote_ip":"::1","host":"localhost:8080","method":"GET","uri":"/api/teams/add","user_agent":"PostmanRuntime/7.49.1","status":404,"error":"code=404, message=Not Found","latency":0,"latency_human":"0s","bytes_in":0,"bytes_out":24}
{"time":"2025-11-12T20:03:59.1449755+03:00","id":"","remote_ip":"::1","host":"localhost:8080","method":"POST","uri":"/api/teams/add","user_agent":"PostmanRuntime/7.49.1","status":404,"error":"code=404, message=Not Found","latency":0,"latency_human":"0s","bytes_in":0,"bytes_out":24}
{"time":"2025-11-12T20:05:10.7533891+03:00","id":"","remote_ip":"::1","host":"localhost:8080","method":"POST","uri":"/api/teams/add","user_agent":"PostmanRuntime/7.49.1","status":404,"error":"code=404, message=Not Found","latency":0,"latency_human":"0s","bytes_in":0,"bytes_out":24}
{"time":"2025-11-12T20:06:41.9054701+03:00","id":"","remote_ip":"::1","host":"localhost:8080","method":"POST","uri":"/api/teams/add","user_agent":"PostmanRuntime/7.49.1","status":400,"error":"","latency":0,"latency_human":"0s","bytes_in":0,"bytes_out":88}
{"time":"2025-11-12T20:06:57.9084705+03:00","id":"","remote_ip":"::1","host":"localhost:8080","method":"POST","uri":"/api/teams/add","user_agent":"PostmanRuntime/7.49.1","status":400,"error":"","latency":0,"latency_human":"0s","bytes_in":58,"bytes_out":86}
{"time":"2025-11-12T20:07:02.1345109+03:00","id":"","remote_ip":"::1","host":"localhost:8080","method":"POST","uri":"/api/teams/add","user_agent":"PostmanRuntime/7.49.1","status":400,"error":"","latency":0,"latency_human":"0s","bytes_in":57,"bytes_out":149}
{"time":"2025-11-12T20:12:21.4856309+03:00","id":"","remote_ip":"::1","host":"localhost:8080","method":"POST","uri":"/api/teams/add","user_agent":"PostmanRuntime/7.49.1","status":400,"error":"","latency":518300,"latency_human":"518.3µs","bytes_in":57,"bytes_out":87}
{"time":"2025-11-12T20:12:47.387243+03:00","id":"","remote_ip":"::1","host":"localhost:8080","method":"POST","uri":"/api/teams/add","user_agent":"PostmanRuntime/7.49.1","status":200,"error":"","latency":0,"latency_human":"0s","bytes_in":234,"bytes_out":150}
{"time":"2025-11-12T20:12:55.4919435+03:00","id":"","remote_ip":"::1","host":"localhost:8080","method":"POST","uri":"/api/teams/add","user_agent":"PostmanRuntime/7.49.1","status":400,"error":"","latency":0,"latency_human":"0s","bytes_in":235,"bytes_out":87}
{"time":"2025-11-12T20:13:06.0749027+03:00","id":"","remote_ip":"::1","host":"localhost:8080","method":"POST","uri":"/api/teams/add","user_agent":"PostmanRuntime/7.49.1","status":400,"error":"","latency":0,"latency_human":"0s","bytes_in":230,"bytes_out":87}
{"time":"2025-11-12T20:48:03.8739308+03:00","id":"","remote_ip":"::1","host":"localhost:8080","method":"POST","uri":"/api/teams/add","user_agent":"PostmanRuntime/7.49.1","status":400,"error":"","latency":0,"latency_human":"0s","bytes_in":230,"bytes_out":87}
{"time":"2025-11-12T20:48:20.416358+03:00","id":"","remote_ip":"::1","host":"localhost:8080","method":"POST","uri":"/api/teams/add","user_agent":"PostmanRuntime/7.49.1","status":500,"error":"","latency":586600,"latency_human":"586.6µs","bytes_in":235,"bytes_out":36}
{"time":"2025-11-12T20:50:15.1079526+03:00","id":"","remote_ip":"::1","host":"localhost:8080","method":"POST","uri":"/api/teams/add","user_agent":"PostmanRuntime/7.49.1","status":200,"error":"","latency":663600,"latency_human":"663.6µs","bytes_in":235,"bytes_out":94}
{"time":"2025-11-12T20:50:40.1510254+03:00","id":"","remote_ip":"::1","host":"localhost:8080","method":"POST","uri":"/api/teams/add","user_agent":"PostmanRuntime/7.49.1","status":400,"error":"","latency":0,"latency_human":"0s","bytes_in":235,"bytes_out":65}
{"time":"2025-11-12T23:34:33.2795375+03:00","id":"","remote_ip":"::1","host":"localhost:8080","method":"POST","uri":"/api/teams/add","user_agent":"PostmanRuntime/7.50.0","status":500,"error":"","latency":1048500,"latency_human":"1.0485ms","bytes_in":235,"bytes_out":36}
{"time":"2025-11-12T23:36:20.5634482+03:00","id":"","remote_ip":"::1","host":"localhost:8080","method":"POST","uri":"/api/teams/add","user_agent":"PostmanRuntime/7.50.0","status":500,"error":"","latency":34794600,"latency_human":"34.7946ms","bytes_in":235,"bytes_out":36}
{"time":"2025-11-12T23:37:40.8047401+03:00","id":"","remote_ip":"::1","host":"localhost:8080","method":"POST","uri":"/api/teams/add","user_agent":"PostmanRuntime/7.50.0","status":200,"error":"","latency":552100,"latency_human":"552.1µs","bytes_in":235,"bytes_out":39}
{"time":"2025-11-12T23:40:48.6918172+03:00","id":"","remote_ip":"::1","host":"localhost:8080","method":"POST","uri":"/api/teams/add","user_agent":"PostmanRuntime/7.50.0","status":500,"error":"","latency":8610400,"latency_human":"8.6104ms","bytes_in":235,"bytes_out":36}
{"time":"2025-11-12T23:42:01.4595474+03:00","id":"","remote_ip":"127.0.0.1","host":"localhost:8080","method":"GET","uri":"/api/teams/add","user_agent":"","status":405,"error":"code=405, message=Method Not Allowed","latency":978600,"latency_human":"978.6µs","bytes_in":0,"bytes_out":33}
{"time":"2025-11-12T23:42:12.4758843+03:00","id":"","remote_ip":"::1","host":"localhost:8080","method":"GET","uri":"/api/ping","user_agent":"PostmanRuntime/7.50.0","status":200,"error":"","latency":0,"latency_human":"0s","bytes_in":0,"bytes_out":2}
{"time":"2025-11-12T23:42:24.4221578+03:00","id":"","remote_ip":"::1","host":"localhost:8080","method":"POST","uri":"/api/teams/add","user_agent":"PostmanRuntime/7.50.0","status":500,"error":"","latency":8970900,"latency_human":"8.9709ms","bytes_in":235,"bytes_out":36}
{"time":"2025-11-12T23:43:47.104246+03:00","id":"","remote_ip":"::1","host":"localhost:8080","method":"POST","uri":"/api/teams/add","user_agent":"PostmanRuntime/7.50.0","status":500,"error":"","latency":15834800,"latency_human":"15.8348ms","bytes_in":235,"bytes_out":36}
{"time":"2025-11-12T23:50:27.5158275+03:00","id":"","remote_ip":"::1","host":"localhost:8080","method":"POST","uri":"/api/teams/add","user_agent":"PostmanRuntime/7.50.0","status":500,"error":"","latency":5503200,"latency_human":"5.5032ms","bytes_in":235,"bytes_out":36}
{"time":"2025-11-12T23:59:34.7626522+03:00","id":"","remote_ip":"::1","host":"localhost:8080","method":"POST","uri":"/api/teams/add","user_agent":"PostmanRuntime/7.50.0","status":200,"error":"","latency":5149600,"latency_human":"5.1496ms","bytes_in":235,"bytes_out":39}
{"time":"2025-11-13T00:00:02.0959125+03:00","id":"","remote_ip":"::1","host":"localhost:8080","method":"POST","uri":"/api/teams/add","user_agent":"PostmanRuntime/7.50.0","status":500,"error":"","latency":7967500,"latency_human":"7.9675ms","bytes_in":235,"bytes_out":36}
{"time":"2025-11-13T00:00:28.2341062+03:00","id":"","remote_ip":"::1","host":"localhost:8080","method":"POST","uri":"/api/teams/add","user_agent":"PostmanRuntime/7.50.0","status":200,"error":"","latency":5668700,"latency_human":"5.6687ms","bytes_in":235,"bytes_out":39}
{"time":"2025-11-13T00:01:23.0018346+03:00","id":"","remote_ip":"::1","host":"localhost:8080","method":"POST","uri":"/api/teams/add","user_agent":"PostmanRuntime/7.50.0","status":500,"error":"not found","latency":6009600,"latency_human":"6.0096ms","bytes_in":235,"bytes_out":36}
{"time":"2025-11-13T00:33:47.6594371+03:00","id":"","remote_ip":"::1","host":"localhost:8080","method":"POST","uri":"/api/teams/add","user_agent":"PostmanRuntime/7.50.0","status":200,"error":"","latency":9443500,"latency_human":"9.4435ms","bytes_in":235,"bytes_out":151}
{"time":"2025-11-13T00:36:30.2316597+03:00","id":"","remote_ip":"::1","host":"localhost:8080","method":"POST","uri":"/api/teams/add","user_agent":"PostmanRuntime/7.50.0","status":200,"error":"","latency":17910100,"latency_human":"17.9101ms","bytes_in":235,"bytes_out":151}
{"time":"2025-11-13T00:36:43.3332846+03:00","id":"","remote_ip":"::1","host":"localhost:8080","method":"POST","uri":"/api/teams/add","user_agent":"PostmanRuntime/7.50.0","status":200,"error":"","latency":11808600,"latency_human":"11.8086ms","bytes_in":235,"bytes_out":151}
{"time":"2025-11-13T00:36:46.277311+03:00","id":"","remote_ip":"::1","host":"localhost:8080","method":"POST","uri":"/api/teams/add","user_agent":"PostmanRuntime/7.50.0","status":200,"error":"","latency":3032500,"latency_human":"3.0325ms","bytes_in":235,"bytes_out":151}
{"time":"2025-11-13T00:38:12.3385093+03:00","id":"","remote_ip":"::1","host":"localhost:8080","method":"POST","uri":"/api/teams/add","user_agent":"PostmanRuntime/7.50.0","status":200,"error":"","latency":7847800,"latency_human":"7.8478ms","bytes_in":235,"bytes_out":151}
{"time":"2025-11-13T00:38:54.9501676+03:00","id":"","remote_ip":"::1","host":"localhost:8080","method":"POST","uri":"/api/teams/add","user_agent":"PostmanRuntime/7.50.0","status":200,"error":"","latency":8119000,"latency_human":"8.119ms","bytes_in":235,"bytes_out":151}
{"time":"2025-11-13T00:39:35.7212589+03:00","id":"","remote_ip":"::1","host":"localhost:8080","method":"POST","uri":"/api/teams/add","user_agent":"PostmanRuntime/7.50.0","status":200,"error":"","latency":8128000,"latency_human":"8.128ms","bytes_in":235,"bytes_out":151}
{"time":"2025-11-13T00:40:35.4175169+03:00","id":"","remote_ip":"::1","host":"localhost:8080","method":"POST","uri":"/api/teams/add","user_agent":"PostmanRuntime/7.50.0","status":200,"error":"","latency":14908800,"latency_human":"14.9088ms","bytes_in":235,"bytes_out":151}
{"time":"2025-11-13T00:40:53.3585724+03:00","id":"","remote_ip":"::1","host":"localhost:8080","method":"POST","uri":"/api/teams/add","user_agent":"PostmanRuntime/7.50.0","status":400,"error":"","latency":6121800,"latency_human":"6.1218ms","bytes_in":235,"bytes_out":81}
{"time":"2025-11-13T00:40:58.4621228+03:00","id":"","remote_ip":"::1","host":"localhost:8080","method":"POST","uri":"/api/teams/add","user_agent":"PostmanRuntime/7.50.0","status":200,"error":"","latency":9748800,"latency_human":"9.7488ms","bytes_in":235,"bytes_out":151}
{"time":"2025-11-13T00:41:33.7048613+03:00","id":"","remote_ip":"::1","host":"localhost:8080","method":"POST","uri":"/api/teams/add","user_agent":"PostmanRuntime/7.50.0","status":400,"error":"","latency":0,"latency_human":"0s","bytes_in":103,"bytes_out":104}
{"time":"2025-11-13T00:41:42.2832139+03:00","id":"","remote_ip":"::1","host":"localhost:8080","method":"POST","uri":"/api/teams/add","user_agent":"PostmanRuntime/7.50.0","status":400,"error":"","latency":2875300,"latency_human":"2.8753ms","bytes_in":235,"bytes_out":81}
{"time":"2025-11-13T00:41:49.4010215+03:00","id":"","remote_ip":"::1","host":"localhost:8080","method":"POST","uri":"/api/teams/add","user_agent":"PostmanRuntime/7.50.0","status":400,"error":"","latency":0,"latency_human":"0s","bytes_in":236,"bytes_out":88}
{"time":"2025-11-13T00:41:59.226991+03:00","id":"","remote_ip":"::1","host":"localhost:8080","method":"POST","uri":"/api/teams/add","user_agent":"PostmanRuntime/7.50.0","status":400,"error":"","latency":1322500,"latency_human":"1.3225ms","bytes_in":235,"bytes_out":81}
{"time":"2025-11-13T00:42:04.3374252+03:00","id":"","remote_ip":"::1","host":"localhost:8080","method":"POST","uri":"/api/teams/add","user_agent":"PostmanRuntime/7.50.0","status":400,"error":"","latency":2923200,"latency_human":"2.9232ms","bytes_in":236,"bytes_out":81}
{"time":"2025-11-13T00:42:43.1939308+03:00","id":"","remote_ip":"::1","host":"localhost:8080","method":"POST","uri":"/api/teams/add","user_agent":"PostmanRuntime/7.50.0","status":400,"error":"","latency":0,"latency_human":"0s","bytes_in":237,"bytes_out":88}
{"time":"2025-11-13T00:45:08.7786046+03:00","id":"","remote_ip":"::1","host":"localhost:8080","method":"POST","uri":"/api/teams/add","user_agent":"PostmanRuntime/7.50.0","status":200,"error":"","latency":13521200,"latency_human":"13.5212ms","bytes_in":237,"bytes_out":153}
{"time":"2025-11-13T00:45:11.1521425+03:00","id":"","remote_ip":"::1","host":"localhost:8080","method":"POST","uri":"/api/teams/add","user_agent":"PostmanRuntime/7.50.0","status":400,"error":"","latency":3454700,"latency_human":"3.4547ms","bytes_in":237,"bytes_out":81}
{"time":"2025-11-13T00:50:03.5449377+03:00","id":"","remote_ip":"::1","host":"localhost:8080","method":"POST","uri":"/api/teams/add","user_agent":"PostmanRuntime/7.50.0","status":200,"error":"","latency":13330300,"latency_human":"13.3303ms","bytes_in":238,"bytes_out":154}
{"time":"2025-11-13T00:50:36.2301036+03:00","id":"","remote_ip":"::1","host":"localhost:8080","method":"POST","uri":"/api/teams/add","user_agent":"PostmanRuntime/7.50.0","status":500,"error":"already exists","latency":4648600,"latency_human":"4.6486ms","bytes_in":237,"bytes_out":36}
{"time":"2025-11-13T01:04:35.2817291+03:00","id":"","remote_ip":"::1","host":"localhost:8080","method":"POST","uri":"/api/teams/get","user_agent":"PostmanRuntime/7.50.0","status":404,"error":"code=404, message=Not Found","latency":0,"latency_human":"0s","bytes_in":237,"bytes_out":24}
{"time":"2025-11-13T01:07:21.6704199+03:00","id":"","remote_ip":"::1","host":"localhost:8080","method":"POST","uri":"/api/teams/get","user_agent":"PostmanRuntime/7.50.0","status":404,"error":"code=404, message=Not Found","latency":0,"latency_human":"0s","bytes_in":237,"bytes_out":24}
{"time":"2025-11-13T01:07:54.6046423+03:00","id":"","remote_ip":"::1","host":"localhost:8080","method":"GET","uri":"/api/teams/get","user_agent":"PostmanRuntime/7.50.0","status":404,"error":"code=404, message=Not Found","latency":0,"latency_human":"0s","bytes_in":237,"bytes_out":24}
{"time":"2025-11-13T01:08:06.8896599+03:00","id":"","remote_ip":"::1","host":"localhost:8080","method":"GET","uri":"/api/team/get","user_agent":"PostmanRuntime/7.50.0","status":404,"error":"code=404, message=Not Found","latency":0,"latency_human":"0s","bytes_in":237,"bytes_out":24}
{"time":"2025-11-13T01:08:34.4013821+03:00","id":"","remote_ip":"::1","host":"localhost:8080","method":"GET","uri":"/api/team/get","user_agent":"PostmanRuntime/7.50.0","status":404,"error":"code=404, message=Not Found","latency":0,"latency_human":"0s","bytes_in":237,"bytes_out":24}
{"time":"2025-11-13T01:08:36.9128518+03:00","id":"","remote_ip":"::1","host":"localhost:8080","method":"GET","uri":"/api/team/get/","user_agent":"PostmanRuntime/7.50.0","status":400,"error":"","latency":0,"latency_human":"0s","bytes_in":237,"bytes_out":87}
{"time":"2025-11-13T01:08:47.5543267+03:00","id":"","remote_ip":"::1","host":"localhost:8080","method":"GET","uri":"/api/team/get/das","user_agent":"PostmanRuntime/7.50.0","status":404,"error":"code=404, message=Not Found","latency":0,"latency_human":"0s","bytes_in":237,"bytes_out":24}
{"time":"2025-11-13T01:09:26.8324666+03:00","id":"","remote_ip":"::1","host":"localhost:8080","method":"GET","uri":"/api/team/get/?team_name=fds","user_agent":"PostmanRuntime/7.50.0","status":404,"error":"","latency":6407300,"latency_human":"6.4073ms","bytes_in":237,"bytes_out":53}
{"time":"2025-11-13T01:09:48.3830341+03:00","id":"","remote_ip":"::1","host":"localhost:8080","method":"GET","uri":"/api/team/get/?team_name=payments","user_agent":"PostmanRuntime/7.50.0","status":404,"error":"","latency":1589500,"latency_human":"1.5895ms","bytes_in":237,"bytes_out":53}
{"time":"2025-11-13T01:09:54.3875776+03:00","id":"","remote_ip":"::1","host":"localhost:8080","method":"GET","uri":"/api/team/get/?team_name=payments","user_agent":"PostmanRuntime/7.50.0","status":404,"error":"","latency":1749000,"latency_human":"1.749ms","bytes_in":237,"bytes_out":53}
{"time":"2025-11-13T01:09:56.4663566+03:00","id":"","remote_ip":"::1","host":"localhost:8080","method":"GET","uri":"/api/team/get/?team_name=payments2","user_agent":"PostmanRuntime/7.50.0","status":200,"error":"","latency":1354000,"latency_human":"1.354ms","bytes_in":237,"bytes_out":145}
